<?xml version="1.0" encoding="UTF-8"?>
<!-- Generated by org.testng.reporters.JUnitReportReporter -->
<testsuite hostname="LAPTOP-A313QKMS" name="com.mobiotics.HitsAdmin.TestCases.AdminBulkActivation_AddBasePack" tests="1" failures="0" timestamp="10 Aug 2018 11:15:04 GMT" time="24.369" errors="0">
  <testcase name="bulkAddBasePackTestPage" time="24.369" classname="com.mobiotics.HitsAdmin.TestCases.AdminBulkActivation_AddBasePack"/>
</testsuite> <!-- com.mobiotics.HitsAdmin.TestCases.AdminBulkActivation_AddBasePack -->
