<?xml version="1.0" encoding="UTF-8"?>
<!-- Generated by org.testng.reporters.JUnitReportReporter -->
<testsuite hostname="LAPTOP-A313QKMS" name="com.mobiotics.HitsAdmin.TestCases.Operators_LCOList" tests="1" failures="0" timestamp="10 Aug 2018 10:39:08 GMT" time="194.981" errors="0">
  <testcase name="getLCOListTest" time="194.981" classname="com.mobiotics.HitsAdmin.TestCases.Operators_LCOList"/>
</testsuite> <!-- com.mobiotics.HitsAdmin.TestCases.Operators_LCOList -->
