<?xml version="1.0" encoding="UTF-8"?>
<!-- Generated by org.testng.reporters.JUnitReportReporter -->
<testsuite hostname="LAPTOP-A313QKMS" name="com.mobiotics.HitsAdmin.TestCases.AdminBulkActivation_AddonTest" tests="1" failures="0" timestamp="10 Aug 2018 10:50:11 GMT" time="33.979" errors="0">
  <testcase name="bulkAddOnTestPage" time="33.979" classname="com.mobiotics.HitsAdmin.TestCases.AdminBulkActivation_AddonTest"/>
</testsuite> <!-- com.mobiotics.HitsAdmin.TestCases.AdminBulkActivation_AddonTest -->
