<?xml version="1.0" encoding="UTF-8"?>
<!-- Generated by org.testng.reporters.JUnitReportReporter -->
<testsuite hostname="LAPTOP-A313QKMS" name="com.mobiotics.HitsAdmin.TestCases.AdminDashBoardPack" tests="1" failures="0" timestamp="10 Aug 2018 10:34:25 GMT" time="3.032" errors="0">
  <testcase name="adminDashBoardTestPage" time="3.032" classname="com.mobiotics.HitsAdmin.TestCases.AdminDashBoardPack"/>
</testsuite> <!-- com.mobiotics.HitsAdmin.TestCases.AdminDashBoardPack -->
