<?xml version="1.0" encoding="UTF-8"?>
<!-- Generated by org.testng.reporters.JUnitReportReporter -->
<testsuite skipped="1" hostname="Santhosh" name="com.IMCL.tests.PostPaidPlan_BillsPageTest" tests="1" failures="0" timestamp="17 Jul 2017 17:22:52 GMT" time="0.000" errors="0">
  <testcase name="testPostPaidPlan_BillsPageTest" time="0.000" classname="com.IMCL.tests.PostPaidPlan_BillsPageTest">
    <skipped/>
  </testcase> <!-- testPostPaidPlan_BillsPageTest -->
</testsuite> <!-- com.IMCL.tests.PostPaidPlan_BillsPageTest -->
