<?xml version="1.0" encoding="UTF-8"?>
<!-- Generated by org.testng.reporters.JUnitReportReporter -->
<testsuite hostname="LAPTOP-A313QKMS" name="com.IMCL.tests.AddAddOnPackValidationTest" tests="1" failures="0" timestamp="25 Jul 2017 07:33:29 GMT" time="13.023" errors="0">
  <testcase name="testIsBulkActivateButtonPresent" time="13.023" classname="com.IMCL.tests.AddAddOnPackValidationTest"/>
</testsuite> <!-- com.IMCL.tests.AddAddOnPackValidationTest -->
