<?xml version="1.0" encoding="UTF-8"?>
<!-- Generated by org.testng.reporters.JUnitReportReporter -->
<testsuite skipped="0" hostname="Santhosh" name="com.IMCL.tests.AddCreditToTheAccountPlanPageTest" tests="1" failures="0" timestamp="24 May 2017 16:37:51 GMT" time="80.350" errors="0">
  <testcase name="testAddCreditToTheAccountPlanPageTest" time="80.350" classname="com.IMCL.tests.AddCreditToTheAccountPlanPageTest"/>
</testsuite> <!-- com.IMCL.tests.AddCreditToTheAccountPlanPageTest -->
