<?xml version="1.0" encoding="UTF-8"?>
<!-- Generated by org.testng.reporters.JUnitReportReporter -->
<testsuite skipped="0" hostname="Santhosh" name="com.IMCL.tests.ToDownloadActivationButtonTest" tests="1" failures="0" timestamp="08 May 2017 12:31:28 GMT" time="44.378" errors="0">
  <testcase name="testToDownloadActivationButtonTest" time="44.378" classname="com.IMCL.tests.ToDownloadActivationButtonTest"/>
</testsuite> <!-- com.IMCL.tests.ToDownloadActivationButtonTest -->
