<?xml version="1.0" encoding="UTF-8"?>
<!-- Generated by org.testng.reporters.JUnitReportReporter -->
<testsuite skipped="1" hostname="Santhosh" name="com.IMCL.tests.DownloadRecepitsPageTest" tests="1" failures="0" timestamp="17 Jul 2017 17:22:52 GMT" time="0.000" errors="0">
  <testcase name="testDownloadRecepitsPageTest" time="0.000" classname="com.IMCL.tests.DownloadRecepitsPageTest">
    <skipped/>
  </testcase> <!-- testDownloadRecepitsPageTest -->
</testsuite> <!-- com.IMCL.tests.DownloadRecepitsPageTest -->
