<?xml version="1.0" encoding="UTF-8"?>
<!-- Generated by org.testng.reporters.JUnitReportReporter -->
<testsuite skipped="0" hostname="Santhosh" name="com.renew.dropdown.lcoprotal.imcl.ActivateRenewPlanPage" tests="1" failures="0" timestamp="19 Apr 2017 09:07:57 GMT" time="0.928" errors="0">
  <testcase name="isElementPresent" time="0.928" classname="com.renew.dropdown.lcoprotal.imcl.ActivateRenewPlanPage"/>
</testsuite> <!-- com.renew.dropdown.lcoprotal.imcl.ActivateRenewPlanPage -->
