<?xml version="1.0" encoding="UTF-8"?>
<!-- Generated by org.testng.reporters.JUnitReportReporter -->
<testsuite hostname="LAPTOP-A313QKMS" name="com.mobiotics.hits.TESTCASES.Ticket_CreateTicketPageTest" tests="1" failures="0" timestamp="9 Aug 2018 18:52:01 GMT" time="26.250" errors="0">
  <testcase name="testTicket_CreateTicketPageTest" time="26.250" classname="com.mobiotics.hits.TESTCASES.Ticket_CreateTicketPageTest"/>
</testsuite> <!-- com.mobiotics.hits.TESTCASES.Ticket_CreateTicketPageTest -->
