<?xml version="1.0" encoding="UTF-8"?>
<!-- Generated by org.testng.reporters.JUnitReportReporter -->
<testsuite hostname="LAPTOP-A313QKMS" name="com.mobiotics.hits.TESTCASES.Profile_SubUserPageTest" tests="1" failures="0" timestamp="9 Aug 2018 19:17:12 GMT" time="4.412" errors="0">
  <testcase name="testProfile_SubUserPageTest" time="4.412" classname="com.mobiotics.hits.TESTCASES.Profile_SubUserPageTest"/>
</testsuite> <!-- com.mobiotics.hits.TESTCASES.Profile_SubUserPageTest -->
