<?xml version="1.0" encoding="UTF-8"?>
<!-- Generated by org.testng.reporters.JUnitReportReporter -->
<testsuite hostname="LAPTOP-A313QKMS" name="com.mobiotics.hits.TESTCASES.Report_ExpiryReportPageTest" tests="1" failures="0" timestamp="9 Aug 2018 12:52:59 GMT" time="5.547" errors="0">
  <testcase name="testReport_ExpiryReportPageTest" time="5.547" classname="com.mobiotics.hits.TESTCASES.Report_ExpiryReportPageTest"/>
</testsuite> <!-- com.mobiotics.hits.TESTCASES.Report_ExpiryReportPageTest -->
