<?xml version="1.0" encoding="UTF-8"?>
<!-- Generated by org.testng.reporters.JUnitReportReporter -->
<testsuite hostname="LAPTOP-A313QKMS" name="com.mobiotics.hits.TESTCASES.Renew_BeforeExpiryPageTest" tests="1" failures="0" timestamp="9 Aug 2018 12:17:25 GMT" time="28.899" errors="0">
  <testcase name="testRenew_BeforeExpiryPageTest" time="28.899" classname="com.mobiotics.hits.TESTCASES.Renew_BeforeExpiryPageTest"/>
</testsuite> <!-- com.mobiotics.hits.TESTCASES.Renew_BeforeExpiryPageTest -->
