<?xml version="1.0" encoding="UTF-8"?>
<!-- Generated by org.testng.reporters.JUnitReportReporter -->
<testsuite hostname="LAPTOP-A313QKMS" name="com.mobiotics.hits.TESTCASES.Product_ProductReconnectPageTest" tests="1" failures="0" timestamp="26 Jul 2018 07:19:40 GMT" time="118.663" errors="0">
  <testcase name="testProduct_ProductReconnectPageTest" time="118.663" classname="com.mobiotics.hits.TESTCASES.Product_ProductReconnectPageTest"/>
</testsuite> <!-- com.mobiotics.hits.TESTCASES.Product_ProductReconnectPageTest -->
