<?xml version="1.0" encoding="UTF-8"?>
<!-- Generated by org.testng.reporters.JUnitReportReporter -->
<testsuite hostname="LAPTOP-A313QKMS" name="com.mobiotics.hits.TESTCASES.Product_ActivatePendingPlanPageTest" tests="1" failures="0" timestamp="4 Jul 2018 08:07:17 GMT" time="129.758" errors="0">
  <testcase name="testProduct_ActivatePendingPlanPageTest" time="129.758" classname="com.mobiotics.hits.TESTCASES.Product_ActivatePendingPlanPageTest"/>
</testsuite> <!-- com.mobiotics.hits.TESTCASES.Product_ActivatePendingPlanPageTest -->
