<?xml version="1.0" encoding="UTF-8"?>
<!-- Generated by org.testng.reporters.JUnitReportReporter -->
<testsuite hostname="LAPTOP-A313QKMS" name="com.mobiotics.hits.TESTCASES.Product_AddAla_CartePageTest" tests="1" failures="0" timestamp="27 Jul 2018 03:56:06 GMT" time="180.950" errors="0">
  <testcase name="testProduct_AddAla_CartePageTest" time="180.950" classname="com.mobiotics.hits.TESTCASES.Product_AddAla_CartePageTest"/>
</testsuite> <!-- com.mobiotics.hits.TESTCASES.Product_AddAla_CartePageTest -->
