<?xml version="1.0" encoding="UTF-8"?>
<!-- Generated by org.testng.reporters.JUnitReportReporter -->
<testsuite hostname="LAPTOP-A313QKMS" name="com.mobiotics.hits.TESTCASES.Device_RetrackActiveDevicePageTest" tests="1" failures="0" timestamp="9 Aug 2018 16:36:46 GMT" time="84.525" errors="0">
  <testcase name="testDevice_RetrackActiveDevicePageTest" time="84.525" classname="com.mobiotics.hits.TESTCASES.Device_RetrackActiveDevicePageTest"/>
</testsuite> <!-- com.mobiotics.hits.TESTCASES.Device_RetrackActiveDevicePageTest -->
