<?xml version="1.0" encoding="UTF-8"?>
<!-- Generated by org.testng.reporters.JUnitReportReporter -->
<testsuite hostname="LAPTOP-A313QKMS" name="com.mobiotics.hits.TESTCASES.Device_ListDevicePageTest" tests="1" failures="0" timestamp="9 Aug 2018 14:59:15 GMT" time="52.821" errors="0">
  <testcase name="testDevice_ListDevicePageTest" time="52.821" classname="com.mobiotics.hits.TESTCASES.Device_ListDevicePageTest"/>
</testsuite> <!-- com.mobiotics.hits.TESTCASES.Device_ListDevicePageTest -->
