<?xml version="1.0" encoding="UTF-8"?>
<!-- Generated by org.testng.reporters.JUnitReportReporter -->
<testsuite hostname="LAPTOP-A313QKMS" name="com.mobiotics.hits.TESTCASES.Customer_CreateCustomerPageTest" tests="1" failures="0" timestamp="31 May 2018 09:28:24 GMT" time="67.462" errors="0">
  <testcase name="testCustomer_CreateCustomerPageTest" time="67.462" classname="com.mobiotics.hits.TESTCASES.Customer_CreateCustomerPageTest"/>
</testsuite> <!-- com.mobiotics.hits.TESTCASES.Customer_CreateCustomerPageTest -->
