<?xml version="1.0" encoding="UTF-8"?>
<!-- Generated by org.testng.reporters.JUnitReportReporter -->
<testsuite hostname="LAPTOP-A313QKMS" name="com.mobiotics.hits.TESTCASES.Product_ProductDisconnectPageTest" tests="1" failures="0" timestamp="26 Jul 2018 07:02:32 GMT" time="112.999" errors="0">
  <testcase name="testProduct_ProductDisconnectPageTest" time="112.999" classname="com.mobiotics.hits.TESTCASES.Product_ProductDisconnectPageTest"/>
</testsuite> <!-- com.mobiotics.hits.TESTCASES.Product_ProductDisconnectPageTest -->
