<?xml version="1.0" encoding="UTF-8"?>
<!-- Generated by org.testng.reporters.JUnitReportReporter -->
<testsuite hostname="LAPTOP-A313QKMS" name="com.mobiotics.hits.TESTCASES.Report_JobReportPageTest" tests="1" failures="0" timestamp="9 Aug 2018 13:03:04 GMT" time="37.405" errors="0">
  <testcase name="testReport_JobReportPageTest" time="37.405" classname="com.mobiotics.hits.TESTCASES.Report_JobReportPageTest"/>
</testsuite> <!-- com.mobiotics.hits.TESTCASES.Report_JobReportPageTest -->
