<?xml version="1.0" encoding="UTF-8"?>
<!-- Generated by org.testng.reporters.JUnitReportReporter -->
<testsuite hostname="LAPTOP-A313QKMS" name="com.mobiotics.hits.TESTCASES.Device_RetrackDeActiveDevicePageTest" tests="1" failures="0" timestamp="9 Aug 2018 16:47:06 GMT" time="84.644" errors="0">
  <testcase name="testDevice_RetrackDeActiveDevicePageTest" time="84.644" classname="com.mobiotics.hits.TESTCASES.Device_RetrackDeActiveDevicePageTest"/>
</testsuite> <!-- com.mobiotics.hits.TESTCASES.Device_RetrackDeActiveDevicePageTest -->
