<?xml version="1.0" encoding="UTF-8"?>
<!-- Generated by org.testng.reporters.JUnitReportReporter -->
<testsuite hostname="LAPTOP-A313QKMS" name="com.mobiotics.hits.TESTCASES.Customer_SubscriberCornerPageTest" tests="1" failures="0" timestamp="13 Jun 2018 07:32:21 GMT" time="45.651" errors="0">
  <testcase name="testCustomer_SubscriberCornerPageTest" time="45.651" classname="com.mobiotics.hits.TESTCASES.Customer_SubscriberCornerPageTest"/>
</testsuite> <!-- com.mobiotics.hits.TESTCASES.Customer_SubscriberCornerPageTest -->
