<?xml version="1.0" encoding="UTF-8"?>
<!-- Generated by org.testng.reporters.JUnitReportReporter -->
<testsuite hostname="LAPTOP-A313QKMS" name="com.mobiotics.hits.TESTCASES.Profile_ChangePaswdPageTest" tests="1" failures="0" timestamp="31 Jul 2017 10:33:25 GMT" time="8.454" errors="0">
  <testcase name="testProfile_ChangePaswdPageTest" time="8.454" classname="com.mobiotics.hits.TESTCASES.Profile_ChangePaswdPageTest"/>
</testsuite> <!-- com.mobiotics.hits.TESTCASES.Profile_ChangePaswdPageTest -->
