<?xml version="1.0" encoding="UTF-8"?>
<!-- Generated by org.testng.reporters.JUnitReportReporter -->
<testsuite hostname="LAPTOP-A313QKMS" name="com.mobiotics.hits.TESTCASES.Ticket_ListTicketPageTest" tests="1" failures="0" timestamp="9 Aug 2018 19:09:13 GMT" time="22.864" errors="0">
  <testcase name="testTicket_ListTicketPageTest" time="22.864" classname="com.mobiotics.hits.TESTCASES.Ticket_ListTicketPageTest"/>
</testsuite> <!-- com.mobiotics.hits.TESTCASES.Ticket_ListTicketPageTest -->
